<?xml version="1.0" encoding="UTF-8"?>
<testng-results ignored="0" total="1" passed="1" failed="0" skipped="0">
  <reporter-output>
  </reporter-output>
  <suite started-at="2024-06-13T11:50:17 IST" name="Default suite" finished-at="2024-06-13T11:50:17 IST" duration-ms="44">
    <groups>
    </groups>
    <test started-at="2024-06-13T11:50:17 IST" name="Default test" finished-at="2024-06-13T11:50:17 IST" duration-ms="44">
      <class name="testbase.DriverFactory">
        <test-method signature="test01()[pri:0, instance:testbase.DriverFactory@505fc5a4]" started-at="2024-06-13T11:50:17 IST" name="test01" finished-at="2024-06-13T11:50:17 IST" duration-ms="7" status="PASS">
          <reporter-output>
          </reporter-output>
        </test-method> <!-- test01 -->
      </class> <!-- testbase.DriverFactory -->
    </test> <!-- Default test -->
  </suite> <!-- Default suite -->
</testng-results>
